#-----------------------------------------------------------
# PlanAhead v14.7 (64-bit)
# Build 321239 by xbuild on Fri Sep 27 19:29:51 MDT 2013
# Start of session at: Mon Sep 16 09:18:29 2019
# Process ID: 14436
# Log file: C:/Users/pasaw/Desktop/2D/Digital-Fundamental-Lab-2D/Lab05/Counting/planAhead_run_4/planAhead.log
# Journal file: C:/Users/pasaw/Desktop/2D/Digital-Fundamental-Lab-2D/Lab05/Counting/planAhead_run_4/planAhead.jou
#-----------------------------------------------------------
INFO: [Common 17-78] Attempting to get a license: PlanAhead
INFO: [Common 17-290] Got license for PlanAhead
INFO: [Device 21-36] Loading parts and site information from C:/Xilinx/14.7/ISE_DS/PlanAhead/data/parts/arch.xml
Parsing RTL primitives file [C:/Xilinx/14.7/ISE_DS/PlanAhead/data/parts/xilinx/rtl/prims/rtl_prims.xml]
Finished parsing RTL primitives file [C:/Xilinx/14.7/ISE_DS/PlanAhead/data/parts/xilinx/rtl/prims/rtl_prims.xml]
start_gui
source C:/Users/pasaw/Desktop/2D/Digital-Fundamental-Lab-2D/Lab05/Counting/pa.fromHdl.tcl
# create_project -name BCD_To_7_Segmnt -dir "C:/Users/pasaw/Desktop/2D/Digital-Fundamental-Lab-2D/Lab05/Counting/planAhead_run_4" -part xc6slx9tqg144-2
# set_param project.pinAheadLayout yes
# set srcset [get_property srcset [current_run -impl]]
# set_property target_constrs_file "Count.ucf" [current_fileset -constrset]
Adding file 'C:/Users/pasaw/Desktop/2D/Digital-Fundamental-Lab-2D/Lab05/Counting/Count.ucf' to fileset 'constrs_1'
# set hdlfile [add_files [list {Count.vf}]]
# set_property file_type Verilog $hdlfile
# set_property library work $hdlfile
# set_property top Count $srcset
# add_files [list {Count.ucf}] -fileset [get_property constrset [current_run]]
# open_rtl_design -part xc6slx9tqg144-2
Using Verific elaboration
Parsing VHDL file "C:/Xilinx/14.7/ISE_DS/PlanAhead/data/parts/xilinx/rtl/lib/synplify/synattr.vhd" into library synplify
Analyzing Verilog file "C:/Users/pasaw/Desktop/2D/Digital-Fundamental-Lab-2D/Lab05/Counting/Count.vf" into library work
CRITICAL WARNING: [EDIF 20-96] Could not resolve non-primitive black box cell 'FourBitsToSevenSegment' instantiated as 'XLXI_16' [C:/Users/pasaw/Desktop/2D/Digital-Fundamental-Lab-2D/Lab05/Counting/Count.vf:102]
Resolution: File names need to match cell names: an EDIF definition will be found in FourBitsToSevenSegment.edf; an HDL definition may be placed in any Verilog/VHDL file.
Loading clock regions from C:/Xilinx/14.7/ISE_DS/PlanAhead/data\parts/xilinx/spartan6/spartan6lx/xc6slx9/ClockRegion.xml
Loading clock buffers from C:/Xilinx/14.7/ISE_DS/PlanAhead/data\parts/xilinx/spartan6/spartan6lx/xc6slx9/ClockBuffers.xml
Loading package pin functions from C:/Xilinx/14.7/ISE_DS/PlanAhead/data\parts/xilinx/spartan6/PinFunctions.xml...
Loading package from C:/Xilinx/14.7/ISE_DS/PlanAhead/data\parts/xilinx/spartan6/spartan6lx/xc6slx9/tqg144/Package.xml
Loading io standards from C:/Xilinx/14.7/ISE_DS/PlanAhead/data\./parts/xilinx/spartan6/IOStandards.xml
Loading device configuration modes from C:/Xilinx/14.7/ISE_DS/PlanAhead/data\parts/xilinx/spartan6/ConfigModes.xml
Loading list of drcs for the architecture : C:/Xilinx/14.7/ISE_DS/PlanAhead/data\./parts/xilinx/spartan6/drc.xml
Parsing UCF File [C:/Users/pasaw/Desktop/2D/Digital-Fundamental-Lab-2D/Lab05/Counting/Count.ucf]
CRITICAL WARNING: [Constraints 18-11] Could not find net or pin 'LED_A_P75' [C:/Users/pasaw/Desktop/2D/Digital-Fundamental-Lab-2D/Lab05/Counting/Count.ucf:8]
CRITICAL WARNING: [Constraints 18-11] Could not find net or pin 'LED_B_P74' [C:/Users/pasaw/Desktop/2D/Digital-Fundamental-Lab-2D/Lab05/Counting/Count.ucf:9]
CRITICAL WARNING: [Constraints 18-11] Could not find net or pin 'LED_C_P67' [C:/Users/pasaw/Desktop/2D/Digital-Fundamental-Lab-2D/Lab05/Counting/Count.ucf:10]
Finished Parsing UCF File [C:/Users/pasaw/Desktop/2D/Digital-Fundamental-Lab-2D/Lab05/Counting/Count.ucf]
INFO: [Designutils 20-20] Invalid constraints found, use command 'write_ucf -constraints invalid <file>' to save all the invalid constraints to a file
INFO: [Project 1-111] Unisim Transformation Summary:
No Unisim elements were transformed.

Phase 0 | Netlist Checksum: b731e4a1
open_rtl_design: Time (s): elapsed = 00:00:09 . Memory (MB): peak = 643.516 ; gain = 155.555
update_compile_order -fileset sim_1
set_property package_pin "" [get_ports [list  {Seven[0]}]]
startgroup
set_property package_pin P41 [get_ports {Seven[6]}]
endgroup
startgroup
set_property package_pin P40 [get_ports {Seven[5]}]
endgroup
startgroup
set_property package_pin P35 [get_ports {Seven[4]}]
endgroup
startgroup
set_property package_pin P34 [get_ports {Seven[3]}]
endgroup
startgroup
set_property package_pin P32 [get_ports {Seven[2]}]
endgroup
startgroup
set_property package_pin P29 [get_ports {Seven[1]}]
endgroup
startgroup
set_property package_pin P27 [get_ports {Seven[0]}]
endgroup
save_constraints
exit
ERROR: [PlanAhead 12-106] *** Exception: ui.h.b: Found deleted key in HTclEventBroker. Verify if the classes listed here call cleanup()
HTclEvent: SIGNAL_MODIFY   Classes: ui.views.aR 
HTclEvent: DEBUG_PORT_CONFIG_CHANGE   Classes: ui.views.aR 
HTclEvent: DEBUG_CORE_CONFIG_CHANGE   Classes: ui.views.aR 
HTclEvent: SIGNAL_BUS_MODIFY   Classes: ui.views.aR 
 (See C:/Users/pasaw/Desktop/2D/Digital-Fundamental-Lab-2D/Lab05/Counting\planAhead_pid14436.debug)
ERROR: [Common 17-39] 'stop_gui' failed due to earlier errors.
INFO: [Common 17-206] Exiting PlanAhead at Mon Sep 16 09:19:41 2019...
INFO: [Common 17-83] Releasing license: PlanAhead
