#-----------------------------------------------------------
# PlanAhead v14.7 (64-bit)
# Build 321239 by xbuild on Fri Sep 27 19:29:51 MDT 2013
# Start of session at: Fri Oct 04 23:20:11 2019
# Process ID: 17640
# Log file: C:/Users/pasaw/Desktop/2D/Digital-Fundamental-Lab-2D/Lab6/counter00-99/planAhead_run_5/planAhead.log
# Journal file: C:/Users/pasaw/Desktop/2D/Digital-Fundamental-Lab-2D/Lab6/counter00-99/planAhead_run_5/planAhead.jou
#-----------------------------------------------------------
INFO: [Common 17-78] Attempting to get a license: PlanAhead
INFO: [Common 17-290] Got license for PlanAhead
INFO: [Device 21-36] Loading parts and site information from C:/Xilinx/14.7/ISE_DS/PlanAhead/data/parts/arch.xml
Parsing RTL primitives file [C:/Xilinx/14.7/ISE_DS/PlanAhead/data/parts/xilinx/rtl/prims/rtl_prims.xml]
Finished parsing RTL primitives file [C:/Xilinx/14.7/ISE_DS/PlanAhead/data/parts/xilinx/rtl/prims/rtl_prims.xml]
start_gui
source C:/Users/pasaw/Desktop/2D/Digital-Fundamental-Lab-2D/Lab6/counter00-99/pa.fromHdl.tcl
# create_project -name counter00-99 -dir "C:/Users/pasaw/Desktop/2D/Digital-Fundamental-Lab-2D/Lab6/counter00-99/planAhead_run_5" -part xc6slx9tqg144-2
# set_param project.pinAheadLayout yes
# set srcset [get_property srcset [current_run -impl]]
# set_property target_constrs_file "main.ucf" [current_fileset -constrset]
Adding file 'C:/Users/pasaw/Desktop/2D/Digital-Fundamental-Lab-2D/Lab6/counter00-99/main.ucf' to fileset 'constrs_1'
# set hdlfile [add_files [list {div5.vf}]]
# set_property file_type Verilog $hdlfile
# set_property library work $hdlfile
# set hdlfile [add_files [list {devider2.vf}]]
# set_property file_type Verilog $hdlfile
# set_property library work $hdlfile
# set hdlfile [add_files [list {div10.vf}]]
# set_property file_type Verilog $hdlfile
# set_property library work $hdlfile
# set hdlfile [add_files [list {FourBitsToSevenSegment.vhd}]]
# set_property file_type VHDL $hdlfile
# set_property library work $hdlfile
# set hdlfile [add_files [list {ct.vf}]]
# set_property file_type Verilog $hdlfile
# set_property library work $hdlfile
# set hdlfile [add_files [list {CLK_DIV.vf}]]
# set_property file_type Verilog $hdlfile
# set_property library work $hdlfile
# set hdlfile [add_files [list {main.vf}]]
# set_property file_type Verilog $hdlfile
# set_property library work $hdlfile
# set_property top main $srcset
# add_files [list {main.ucf}] -fileset [get_property constrset [current_run]]
# open_rtl_design -part xc6slx9tqg144-2
Using Verific elaboration
Parsing VHDL file "C:/Xilinx/14.7/ISE_DS/PlanAhead/data/parts/xilinx/rtl/lib/synplify/synattr.vhd" into library synplify
Parsing VHDL file "C:/Xilinx/14.7/ISE_DS/PlanAhead/data/parts/xilinx/rtl/lib/synplify/synattr.vhd" into library synplify
Parsing VHDL file "C:/Users/pasaw/Desktop/2D/Digital-Fundamental-Lab-2D/Lab6/counter00-99/FourBitsToSevenSegment.vhd" into library work
Loading clock regions from C:/Xilinx/14.7/ISE_DS/PlanAhead/data\parts/xilinx/spartan6/spartan6lx/xc6slx9/ClockRegion.xml
Loading clock buffers from C:/Xilinx/14.7/ISE_DS/PlanAhead/data\parts/xilinx/spartan6/spartan6lx/xc6slx9/ClockBuffers.xml
Loading package pin functions from C:/Xilinx/14.7/ISE_DS/PlanAhead/data\parts/xilinx/spartan6/PinFunctions.xml...
Loading package from C:/Xilinx/14.7/ISE_DS/PlanAhead/data\parts/xilinx/spartan6/spartan6lx/xc6slx9/tqg144/Package.xml
Loading io standards from C:/Xilinx/14.7/ISE_DS/PlanAhead/data\./parts/xilinx/spartan6/IOStandards.xml
Loading device configuration modes from C:/Xilinx/14.7/ISE_DS/PlanAhead/data\parts/xilinx/spartan6/ConfigModes.xml
Loading list of drcs for the architecture : C:/Xilinx/14.7/ISE_DS/PlanAhead/data\./parts/xilinx/spartan6/drc.xml
Parsing UCF File [C:/Users/pasaw/Desktop/2D/Digital-Fundamental-Lab-2D/Lab6/counter00-99/main.ucf]
Finished Parsing UCF File [C:/Users/pasaw/Desktop/2D/Digital-Fundamental-Lab-2D/Lab6/counter00-99/main.ucf]
INFO: [Project 1-111] Unisim Transformation Summary:
No Unisim elements were transformed.

Phase 0 | Netlist Checksum: cf4aab4f
open_rtl_design: Time (s): elapsed = 00:00:06 . Memory (MB): peak = 650.887 ; gain = 160.973
update_compile_order -fileset sim_1
set_property package_pin "" [get_ports [list  {SS[1]}]]
startgroup
set_property package_pin P41 [get_ports {SS[0]}]
endgroup
startgroup
set_property package_pin P40 [get_ports {SS[1]}]
endgroup
set_property package_pin "" [get_ports [list  {SS[3]}]]
startgroup
set_property package_pin P35 [get_ports {SS[2]}]
endgroup
startgroup
set_property package_pin P34 [get_ports {SS[3]}]
endgroup
startgroup
set_property package_pin P32 [get_ports {SS[4]}]
endgroup
startgroup
set_property package_pin P29 [get_ports {SS[5]}]
endgroup
startgroup
set_property package_pin P27 [get_ports {SS[6]}]
endgroup
save_constraints
exit
ERROR: [PlanAhead 12-106] *** Exception: ui.h.b: Found deleted key in HTclEventBroker. Verify if the classes listed here call cleanup()
HTclEvent: DEBUG_PORT_CONFIG_CHANGE   Classes: ui.views.aR 
HTclEvent: DEBUG_CORE_CONFIG_CHANGE   Classes: ui.views.aR 
HTclEvent: SIGNAL_MODIFY   Classes: ui.views.aR 
HTclEvent: SIGNAL_BUS_MODIFY   Classes: ui.views.aR 
 (See C:/Users/pasaw/Desktop/2D/Digital-Fundamental-Lab-2D/Lab6/counter00-99\planAhead_pid17640.debug)
ERROR: [Common 17-39] 'stop_gui' failed due to earlier errors.
INFO: [Common 17-206] Exiting PlanAhead at Fri Oct 04 23:23:10 2019...
INFO: [Common 17-83] Releasing license: PlanAhead
