
****** PlanAhead v14.7 (64-bit)
  **** Build 321239 by xbuild on Fri Sep 27 19:29:51 MDT 2013
    ** Copyright 1986-1999, 2001-2013 Xilinx, Inc. All Rights Reserved.

INFO: [Common 17-78] Attempting to get a license: PlanAhead
INFO: [Common 17-290] Got license for PlanAhead
INFO: [Device 21-36] Loading parts and site information from C:/Xilinx/14.7/ISE_DS/PlanAhead/data/parts/arch.xml
Parsing RTL primitives file [C:/Xilinx/14.7/ISE_DS/PlanAhead/data/parts/xilinx/rtl/prims/rtl_prims.xml]
Finished parsing RTL primitives file [C:/Xilinx/14.7/ISE_DS/PlanAhead/data/parts/xilinx/rtl/prims/rtl_prims.xml]
start_gui
source C:/Users/pasaw/Desktop/FPGA/Lab04/lab4-2/pa.fromHdl.tcl
# create_project -name lab4-2 -dir "C:/Users/pasaw/Desktop/FPGA/Lab04/lab4-2/planAhead_run_2" -part xc6slx9tqg144-2
# set_param project.pinAheadLayout yes
# set srcset [get_property srcset [current_run -impl]]
# set_property target_constrs_file "C:/Users/pasaw/Desktop/FPGA/Lab04/lab4-2/PIN.ucf" [current_fileset -constrset]
Adding file 'C:/Users/pasaw/Desktop/FPGA/Lab04/lab4-2/PIN.ucf' to fileset 'constrs_1'
# set hdlfile [add_files [list {calculate.vf}]]
# set_property file_type Verilog $hdlfile
# set_property library work $hdlfile
# set_property top calculate $srcset
# add_files [list {PIN.ucf}] -fileset [get_property constrset [current_run]]
# add_files [list {calculate.ucf}] -fileset [get_property constrset [current_run]]
# open_rtl_design -part xc6slx9tqg144-2
Using Verific elaboration
Parsing VHDL file "C:/Xilinx/14.7/ISE_DS/PlanAhead/data/parts/xilinx/rtl/lib/synplify/synattr.vhd" into library synplify
Analyzing Verilog file "C:/Users/pasaw/Desktop/FPGA/Lab04/lab4-2/calculate.vf" into library work
Loading clock regions from C:/Xilinx/14.7/ISE_DS/PlanAhead/data\parts/xilinx/spartan6/spartan6lx/xc6slx9/ClockRegion.xml
Loading clock buffers from C:/Xilinx/14.7/ISE_DS/PlanAhead/data\parts/xilinx/spartan6/spartan6lx/xc6slx9/ClockBuffers.xml
Loading package pin functions from C:/Xilinx/14.7/ISE_DS/PlanAhead/data\parts/xilinx/spartan6/PinFunctions.xml...
Loading package from C:/Xilinx/14.7/ISE_DS/PlanAhead/data\parts/xilinx/spartan6/spartan6lx/xc6slx9/tqg144/Package.xml
Loading io standards from C:/Xilinx/14.7/ISE_DS/PlanAhead/data\./parts/xilinx/spartan6/IOStandards.xml
Loading device configuration modes from C:/Xilinx/14.7/ISE_DS/PlanAhead/data\parts/xilinx/spartan6/ConfigModes.xml
Loading list of drcs for the architecture : C:/Xilinx/14.7/ISE_DS/PlanAhead/data\./parts/xilinx/spartan6/drc.xml
Parsing UCF File [C:/Users/pasaw/Desktop/FPGA/Lab04/lab4-2/PIN.ucf]
Finished Parsing UCF File [C:/Users/pasaw/Desktop/FPGA/Lab04/lab4-2/PIN.ucf]
Parsing UCF File [C:/Users/pasaw/Desktop/FPGA/Lab04/lab4-2/calculate.ucf]
Finished Parsing UCF File [C:/Users/pasaw/Desktop/FPGA/Lab04/lab4-2/calculate.ucf]
INFO: [Project 1-111] Unisim Transformation Summary:
No Unisim elements were transformed.

Phase 0 | Netlist Checksum: c7b64fb6
open_rtl_design: Time (s): elapsed = 00:00:05 . Memory (MB): peak = 649.391 ; gain = 187.250
update_compile_order -fileset sim_1
startgroup
set_property package_pin P82 [get_ports LED0_P82]
endgroup
startgroup
set_property package_pin P81 [get_ports LED1_P81]
endgroup
startgroup
set_property package_pin P80 [get_ports LED2_P80]
endgroup
startgroup
set_property package_pin P66 [get_ports SW0_P66]
endgroup
startgroup
set_property package_pin P62 [get_ports SW1_P62]
endgroup
startgroup
set_property package_pin P61 [get_ports SW2_P61]
endgroup
startgroup
set_property package_pin P59 [get_ports SW3_P59]
endgroup
save_constraints
exit
ERROR: [Common 17-39] 'stop_gui' failed due to earlier errors.
INFO: [Common 17-206] Exiting PlanAhead at Sun Sep 08 21:26:25 2019...
INFO: [Common 17-83] Releasing license: PlanAhead
