
****** PlanAhead v14.7 (64-bit)
  **** Build 321239 by xbuild on Fri Sep 27 19:29:51 MDT 2013
    ** Copyright 1986-1999, 2001-2013 Xilinx, Inc. All Rights Reserved.

INFO: [Common 17-78] Attempting to get a license: PlanAhead
INFO: [Common 17-290] Got license for PlanAhead
INFO: [Device 21-36] Loading parts and site information from C:/Xilinx/14.7/ISE_DS/PlanAhead/data/parts/arch.xml
Parsing RTL primitives file [C:/Xilinx/14.7/ISE_DS/PlanAhead/data/parts/xilinx/rtl/prims/rtl_prims.xml]
Finished parsing RTL primitives file [C:/Xilinx/14.7/ISE_DS/PlanAhead/data/parts/xilinx/rtl/prims/rtl_prims.xml]
start_gui
source C:/Users/pasaw/Desktop/2D/Digital-Fundamental-Lab-2D/Lab05/BCD_To_7_Segmnt/pa.fromHdl.tcl
# create_project -name BCD_To_7_Segmnt -dir "C:/Users/pasaw/Desktop/2D/Digital-Fundamental-Lab-2D/Lab05/BCD_To_7_Segmnt/planAhead_run_3" -part xc6slx9tqg144-2
# set_param project.pinAheadLayout yes
# set srcset [get_property srcset [current_run -impl]]
# set_property target_constrs_file "Count.ucf" [current_fileset -constrset]
Adding file 'C:/Users/pasaw/Desktop/2D/Digital-Fundamental-Lab-2D/Lab05/BCD_To_7_Segmnt/Count.ucf' to fileset 'constrs_1'
# set hdlfile [add_files [list {Count.vf}]]
# set_property file_type Verilog $hdlfile
# set_property library work $hdlfile
# set_property top Count $srcset
# add_files [list {Count.ucf}] -fileset [get_property constrset [current_run]]
# open_rtl_design -part xc6slx9tqg144-2
Using Verific elaboration
Parsing VHDL file "C:/Xilinx/14.7/ISE_DS/PlanAhead/data/parts/xilinx/rtl/lib/synplify/synattr.vhd" into library synplify
Analyzing Verilog file "C:/Users/pasaw/Desktop/2D/Digital-Fundamental-Lab-2D/Lab05/BCD_To_7_Segmnt/Count.vf" into library work
Loading clock regions from C:/Xilinx/14.7/ISE_DS/PlanAhead/data\parts/xilinx/spartan6/spartan6lx/xc6slx9/ClockRegion.xml
Loading clock buffers from C:/Xilinx/14.7/ISE_DS/PlanAhead/data\parts/xilinx/spartan6/spartan6lx/xc6slx9/ClockBuffers.xml
Loading package pin functions from C:/Xilinx/14.7/ISE_DS/PlanAhead/data\parts/xilinx/spartan6/PinFunctions.xml...
Loading package from C:/Xilinx/14.7/ISE_DS/PlanAhead/data\parts/xilinx/spartan6/spartan6lx/xc6slx9/tqg144/Package.xml
Loading io standards from C:/Xilinx/14.7/ISE_DS/PlanAhead/data\./parts/xilinx/spartan6/IOStandards.xml
Loading device configuration modes from C:/Xilinx/14.7/ISE_DS/PlanAhead/data\parts/xilinx/spartan6/ConfigModes.xml
Loading list of drcs for the architecture : C:/Xilinx/14.7/ISE_DS/PlanAhead/data\./parts/xilinx/spartan6/drc.xml
Parsing UCF File [C:/Users/pasaw/Desktop/2D/Digital-Fundamental-Lab-2D/Lab05/BCD_To_7_Segmnt/Count.ucf]
Finished Parsing UCF File [C:/Users/pasaw/Desktop/2D/Digital-Fundamental-Lab-2D/Lab05/BCD_To_7_Segmnt/Count.ucf]
INFO: [Project 1-111] Unisim Transformation Summary:
No Unisim elements were transformed.

Phase 0 | Netlist Checksum: d04ccac8
open_rtl_design: Time (s): elapsed = 00:00:06 . Memory (MB): peak = 652.027 ; gain = 160.504
update_compile_order -fileset sim_1
startgroup
set_property package_pin P45 [get_ports CLK_P45]
endgroup
startgroup
set_property package_pin P46 [get_ports CLR_P46]
endgroup
startgroup
set_property package_pin P75 [get_ports LED_A_P75]
endgroup
startgroup
set_property package_pin P74 [get_ports LED_B_P74]
endgroup
startgroup
set_property package_pin P67 [get_ports LED_C_P67]
endgroup
save_constraints
exit
ERROR: [Common 17-39] 'stop_gui' failed due to earlier errors.
INFO: [Common 17-206] Exiting PlanAhead at Sun Sep 15 21:25:30 2019...
INFO: [Common 17-83] Releasing license: PlanAhead
