#-----------------------------------------------------------
# PlanAhead v14.7 (64-bit)
# Build 321239 by xbuild on Fri Sep 27 19:29:51 MDT 2013
# Start of session at: Sun Sep 15 20:42:03 2019
# Process ID: 14008
# Log file: C:/Users/pasaw/Desktop/2D/Digital-Fundamental-Lab-2D/Lab05/BCD_To_7_Segmnt/planAhead_run_1/planAhead.log
# Journal file: C:/Users/pasaw/Desktop/2D/Digital-Fundamental-Lab-2D/Lab05/BCD_To_7_Segmnt/planAhead_run_1/planAhead.jou
#-----------------------------------------------------------
INFO: [Common 17-78] Attempting to get a license: PlanAhead
INFO: [Common 17-290] Got license for PlanAhead
INFO: [Device 21-36] Loading parts and site information from C:/Xilinx/14.7/ISE_DS/PlanAhead/data/parts/arch.xml
Parsing RTL primitives file [C:/Xilinx/14.7/ISE_DS/PlanAhead/data/parts/xilinx/rtl/prims/rtl_prims.xml]
Finished parsing RTL primitives file [C:/Xilinx/14.7/ISE_DS/PlanAhead/data/parts/xilinx/rtl/prims/rtl_prims.xml]
start_gui
source C:/Users/pasaw/Desktop/2D/Digital-Fundamental-Lab-2D/Lab05/BCD_To_7_Segmnt/pa.fromHdl.tcl
# create_project -name BCD_To_7_Segmnt -dir "C:/Users/pasaw/Desktop/2D/Digital-Fundamental-Lab-2D/Lab05/BCD_To_7_Segmnt/planAhead_run_2" -part xc6slx9tqg144-2
# set_param project.pinAheadLayout yes
# set srcset [get_property srcset [current_run -impl]]
# set_property target_constrs_file "Count.ucf" [current_fileset -constrset]
Adding file 'C:/Users/pasaw/Desktop/2D/Digital-Fundamental-Lab-2D/Lab05/BCD_To_7_Segmnt/Count.ucf' to fileset 'constrs_1'
# set hdlfile [add_files [list {Count.vf}]]
# set_property file_type Verilog $hdlfile
# set_property library work $hdlfile
# set_property top Count $srcset
# add_files [list {Count.ucf}] -fileset [get_property constrset [current_run]]
# open_rtl_design -part xc6slx9tqg144-2
Using Verific elaboration
Parsing VHDL file "C:/Xilinx/14.7/ISE_DS/PlanAhead/data/parts/xilinx/rtl/lib/synplify/synattr.vhd" into library synplify
Analyzing Verilog file "C:/Users/pasaw/Desktop/2D/Digital-Fundamental-Lab-2D/Lab05/BCD_To_7_Segmnt/Count.vf" into library work
Loading clock regions from C:/Xilinx/14.7/ISE_DS/PlanAhead/data\parts/xilinx/spartan6/spartan6lx/xc6slx9/ClockRegion.xml
Loading clock buffers from C:/Xilinx/14.7/ISE_DS/PlanAhead/data\parts/xilinx/spartan6/spartan6lx/xc6slx9/ClockBuffers.xml
Loading package pin functions from C:/Xilinx/14.7/ISE_DS/PlanAhead/data\parts/xilinx/spartan6/PinFunctions.xml...
Loading package from C:/Xilinx/14.7/ISE_DS/PlanAhead/data\parts/xilinx/spartan6/spartan6lx/xc6slx9/tqg144/Package.xml
Loading io standards from C:/Xilinx/14.7/ISE_DS/PlanAhead/data\./parts/xilinx/spartan6/IOStandards.xml
Loading device configuration modes from C:/Xilinx/14.7/ISE_DS/PlanAhead/data\parts/xilinx/spartan6/ConfigModes.xml
Loading list of drcs for the architecture : C:/Xilinx/14.7/ISE_DS/PlanAhead/data\./parts/xilinx/spartan6/drc.xml
Parsing UCF File [C:/Users/pasaw/Desktop/2D/Digital-Fundamental-Lab-2D/Lab05/BCD_To_7_Segmnt/Count.ucf]
Finished Parsing UCF File [C:/Users/pasaw/Desktop/2D/Digital-Fundamental-Lab-2D/Lab05/BCD_To_7_Segmnt/Count.ucf]
INFO: [Project 1-111] Unisim Transformation Summary:
No Unisim elements were transformed.

Phase 0 | Netlist Checksum: 8221eb22
open_rtl_design: Time (s): elapsed = 00:00:07 . Memory (MB): peak = 652.168 ; gain = 196.816
update_compile_order -fileset sim_1
startgroup
set_property package_pin P66 [get_ports CLK_P66]
endgroup
startgroup
set_property package_pin P61 [get_ports CLR]
endgroup
set_property package_pin "" [get_ports [list  LCD_A_P_75]]
startgroup
set_property package_pin P61 [get_ports CLR]
endgroup
startgroup
set_property package_pin P62 [get_ports JA_P62]
endgroup
startgroup
set_property package_pin P75 [get_ports LCD_A_P_75]
endgroup
startgroup
set_property package_pin P74 [get_ports LCD_B_P_74]
endgroup
startgroup
set_property package_pin P67 [get_ports LCD_C_P67]
endgroup
save_constraints
exit
ERROR: [PlanAhead 12-106] *** Exception: ui.h.b: Found deleted key in HTclEventBroker. Verify if the classes listed here call cleanup()
HTclEvent: SIGNAL_MODIFY   Classes: ui.views.aR 
HTclEvent: SIGNAL_BUS_MODIFY   Classes: ui.views.aR 
HTclEvent: DEBUG_PORT_CONFIG_CHANGE   Classes: ui.views.aR 
HTclEvent: DEBUG_CORE_CONFIG_CHANGE   Classes: ui.views.aR 
 (See C:/Users/pasaw/Desktop/2D/Digital-Fundamental-Lab-2D/Lab05/BCD_To_7_Segmnt\planAhead_pid14008.debug)
ERROR: [Common 17-39] 'stop_gui' failed due to earlier errors.
INFO: [Common 17-206] Exiting PlanAhead at Sun Sep 15 20:43:26 2019...
INFO: [Common 17-83] Releasing license: PlanAhead
